[INFO] Scanning for projects...
[WARNING] 
[WARNING] Some problems were encountered while building the effective model for be.alphacredit.tests:xsd-validation-war:war:0.0.1-SNAPSHOT
[WARNING] The expression ${name} is deprecated. Please use ${project.name} instead.
[WARNING] 
[WARNING] It is highly recommended to fix these problems because they threaten the stability of your build.
[WARNING] 
[WARNING] For this reason, future Maven versions might no longer support building such malformed projects.
[WARNING] 
[INFO] ------------------------------------------------------------------------
[INFO] Reactor Build Order:
[INFO] 
[INFO] wsd-validation :: Parent POM
[INFO] xsd-validation :: Web Services
[INFO] xsd-validation :: WAR
[INFO]                                                                         
[INFO] ------------------------------------------------------------------------
[INFO] Building wsd-validation :: Parent POM 0.0.1-SNAPSHOT
[INFO] ------------------------------------------------------------------------
[INFO] 
[INFO] --- maven-clean-plugin:2.4.1:clean (default-clean) @ xsd-validation-master ---
[INFO] 
[INFO] --- maven-install-plugin:2.3.1:install (default-install) @ xsd-validation-master ---
[INFO] Installing C:\Users\nicolas\IBM\rationalsdp\workspace\xsd-validation-master\pom.xml to C:\Users\nicolas\.m2\repository\be\alphacredit\tests\xsd-validation-master\0.0.1-SNAPSHOT\xsd-validation-master-0.0.1-SNAPSHOT.pom
[INFO]                                                                         
[INFO] ------------------------------------------------------------------------
[INFO] Building xsd-validation :: Web Services 0.0.1-SNAPSHOT
[INFO] ------------------------------------------------------------------------
[INFO] 
[INFO] --- maven-clean-plugin:2.4.1:clean (default-clean) @ xsd-validation-ws ---
[INFO] Deleting C:\Users\nicolas\IBM\rationalsdp\workspace\xsd-validation-master\xsd-validation-ws\target
[INFO] 
[INFO] --- cxf-codegen-plugin:2.7.18:wsdl2java (generate-sources) @ xsd-validation-ws ---
[INFO] 
[INFO] --- maven-resources-plugin:2.5:resources (default-resources) @ xsd-validation-ws ---
[debug] execute contextualize
[WARNING] Using platform encoding (Cp1252 actually) to copy filtered resources, i.e. build is platform dependent!
[INFO] Copying 1 resource
[INFO] Copying 5 resources
[INFO] Copying 5 resources
[INFO] 
[INFO] --- maven-compiler-plugin:3.5:compile (default-compile) @ xsd-validation-ws ---
[INFO] Changes detected - recompiling the module!
[WARNING] File encoding has not been set, using platform encoding Cp1252, i.e. build is platform dependent!
[INFO] Compiling 5 source files to C:\Users\nicolas\IBM\rationalsdp\workspace\xsd-validation-master\xsd-validation-ws\target\classes
[INFO] 
[INFO] --- maven-resources-plugin:2.5:testResources (default-testResources) @ xsd-validation-ws ---
[debug] execute contextualize
[WARNING] Using platform encoding (Cp1252 actually) to copy filtered resources, i.e. build is platform dependent!
[INFO] Copying 0 resource
[INFO] 
[INFO] --- maven-compiler-plugin:3.5:testCompile (default-testCompile) @ xsd-validation-ws ---
[INFO] Nothing to compile - all classes are up to date
[INFO] 
[INFO] --- maven-surefire-plugin:2.10:test (default-test) @ xsd-validation-ws ---
[INFO] Surefire report directory: C:\Users\nicolas\IBM\rationalsdp\workspace\xsd-validation-master\xsd-validation-ws\target\surefire-reports

-------------------------------------------------------
 T E S T S
-------------------------------------------------------

Results :

Tests run: 0, Failures: 0, Errors: 0, Skipped: 0

[INFO] 
[INFO] --- maven-jar-plugin:2.3.2:jar (default-jar) @ xsd-validation-ws ---
[INFO] Building jar: C:\Users\nicolas\IBM\rationalsdp\workspace\xsd-validation-master\xsd-validation-ws\target\xsd-validation-ws.jar
[INFO] 
[INFO] --- maven-install-plugin:2.3.1:install (default-install) @ xsd-validation-ws ---
[INFO] Installing C:\Users\nicolas\IBM\rationalsdp\workspace\xsd-validation-master\xsd-validation-ws\target\xsd-validation-ws.jar to C:\Users\nicolas\.m2\repository\be\alphacredit\tests\xsd-validation-ws\0.0.1-SNAPSHOT\xsd-validation-ws-0.0.1-SNAPSHOT.jar
[INFO] Installing C:\Users\nicolas\IBM\rationalsdp\workspace\xsd-validation-master\xsd-validation-ws\pom.xml to C:\Users\nicolas\.m2\repository\be\alphacredit\tests\xsd-validation-ws\0.0.1-SNAPSHOT\xsd-validation-ws-0.0.1-SNAPSHOT.pom
[INFO]                                                                         
[INFO] ------------------------------------------------------------------------
[INFO] Building xsd-validation :: WAR 0.0.1-SNAPSHOT
[INFO] ------------------------------------------------------------------------
[INFO] 
[INFO] --- maven-clean-plugin:2.4.1:clean (default-clean) @ xsd-validation-war ---
[INFO] Deleting C:\Users\nicolas\IBM\rationalsdp\workspace\xsd-validation-master\xsd-validation-war\target
[INFO] 
[INFO] --- exec-maven-plugin:1.5.0:exec (Stop the WAR) @ xsd-validation-war ---
Buildfile: ws_ant.xml

stopApplication:
     [echo] ************* Stop Application ${project.build.finalName} != ${project.build.finalName}
[wsStopApplication] StopTest Application [${project.build.finalName}]...
  [wsadmin] WASX7209I: Connected to process "server1" on node cac40Node01 using SOAP connector;  The type of process is: UnManagedProcess
  [wsadmin] WASX7017E: Exception received while running file "C:\Users\nicolas\AppData\Local\Temp\wsant4069571745441885682jacl"; exception information: com.ibm.bsf.BSFException: error while eval'ing Jacl expression:
  [wsadmin] can't read "project.build.finalName": no such variable
  [wsadmin]     while executing
  [wsadmin] "$AdminControl invoke $am "stopApplication" "${project.build.finalName}""
[wsStopApplication] Stopped Application [${project.build.finalName}]

BUILD SUCCESSFUL
Total time: 7 seconds
[INFO] 
[INFO] --- exec-maven-plugin:1.5.0:exec (Undeploy the WAR) @ xsd-validation-war ---
Buildfile: ws_ant.xml

undeploy:
     [echo] ************* Undeploy ${project.build.finalName}
[wsUninstallApp] Uninstalling Application [${project.build.finalName}]...
  [wsadmin] WASX7209I: Connected to process "server1" on node cac40Node01 using SOAP connector;  The type of process is: UnManagedProcess
  [wsadmin] WASX7017E: Exception received while running file "C:\Users\nicolas\AppData\Local\Temp\wsant7253413537575408375jacl"; exception information: com.ibm.bsf.BSFException: error while eval'ing Jacl expression:
  [wsadmin] can't read "project.build.finalName": no such variable
  [wsadmin]     while executing
  [wsadmin] "$AdminApp uninstall "${project.build.finalName}""
[wsUninstallApp] Uninstalled Application [${project.build.finalName}]

BUILD SUCCESSFUL
Total time: 6 seconds
[INFO] 
[INFO] --- maven-resources-plugin:2.5:resources (default-resources) @ xsd-validation-war ---
[debug] execute contextualize
[WARNING] Using platform encoding (Cp1252 actually) to copy filtered resources, i.e. build is platform dependent!
[INFO] Copying 0 resource
[INFO] 
[INFO] --- maven-compiler-plugin:3.5:compile (default-compile) @ xsd-validation-war ---
[INFO] Changes detected - recompiling the module!
[WARNING] File encoding has not been set, using platform encoding Cp1252, i.e. build is platform dependent!
[INFO] Compiling 1 source file to C:\Users\nicolas\IBM\rationalsdp\workspace\xsd-validation-master\xsd-validation-war\target\classes
[INFO] 
[INFO] --- maven-resources-plugin:2.5:testResources (default-testResources) @ xsd-validation-war ---
[debug] execute contextualize
[WARNING] Using platform encoding (Cp1252 actually) to copy filtered resources, i.e. build is platform dependent!
[INFO] Copying 0 resource
[INFO] 
[INFO] --- maven-compiler-plugin:3.5:testCompile (default-testCompile) @ xsd-validation-war ---
[INFO] Nothing to compile - all classes are up to date
[INFO] 
[INFO] --- maven-surefire-plugin:2.10:test (default-test) @ xsd-validation-war ---
[INFO] Surefire report directory: C:\Users\nicolas\IBM\rationalsdp\workspace\xsd-validation-master\xsd-validation-war\target\surefire-reports

-------------------------------------------------------
 T E S T S
-------------------------------------------------------

Results :

Tests run: 0, Failures: 0, Errors: 0, Skipped: 0

[INFO] 
[INFO] --- maven-war-plugin:2.6:war (default-war) @ xsd-validation-war ---
[INFO] Packaging webapp
[INFO] Assembling webapp [xsd-validation-war] in [C:\Users\nicolas\IBM\rationalsdp\workspace\xsd-validation-master\xsd-validation-war\target\xsd-validation-war]
[INFO] Processing war project
[INFO] Copying webapp resources [C:\Users\nicolas\IBM\rationalsdp\workspace\xsd-validation-master\xsd-validation-war\src\main\webapp]
[INFO] Webapp assembled in [47 msecs]
[INFO] Building war: C:\Users\nicolas\IBM\rationalsdp\workspace\xsd-validation-master\xsd-validation-war\target\xsd-validation-war.war
[INFO] 
[INFO] --- maven-install-plugin:2.3.1:install (default-install) @ xsd-validation-war ---
[INFO] Installing C:\Users\nicolas\IBM\rationalsdp\workspace\xsd-validation-master\xsd-validation-war\target\xsd-validation-war.war to C:\Users\nicolas\.m2\repository\be\alphacredit\tests\xsd-validation-war\0.0.1-SNAPSHOT\xsd-validation-war-0.0.1-SNAPSHOT.war
[INFO] Installing C:\Users\nicolas\IBM\rationalsdp\workspace\xsd-validation-master\xsd-validation-war\pom.xml to C:\Users\nicolas\.m2\repository\be\alphacredit\tests\xsd-validation-war\0.0.1-SNAPSHOT\xsd-validation-war-0.0.1-SNAPSHOT.pom
[INFO] 
[INFO] --- maven-antrun-plugin:1.3:run (default) @ xsd-validation-war ---
[INFO] Executing tasks
     [echo] The name of the generated WAR is xsd-validation-war != xsd-validation :: WAR
[INFO] Executed tasks
[INFO] 
[INFO] --- exec-maven-plugin:1.5.0:exec (Deploy the WAR) @ xsd-validation-war ---
Buildfile: ws_ant.xml

deploy:
     [echo] ************* Deploy ${project.build.finalName}
[wsInstallApp] Installing Application [C:\Users\nicolas\IBM\rationalsdp\workspace\xsd-validation-master\xsd-validation-war\target\xsd-validation-war.war]...
[wsInstallApp] profileName=AppSrv01 registry=C:\Program Files (x86)\IBM\WebSphere\AppServer\properties\profileRegistry.xml
[wsInstallApp] profileHome=C:\Program Files (x86)\IBM\WebSphere\AppServer\profiles\AppSrv01
  [wsadmin] WASX7209I: Connected to process "server1" on node cac40Node01 using SOAP connector;  The type of process is: UnManagedProcess
  [wsadmin] WASX7017E: Exception received while running file "C:\Users\nicolas\AppData\Local\Temp\wsant934077090825567598jacl"; exception information: com.ibm.ws.scripting.ScriptingException: WASX7279E: An application with name "xsd-validation-0.0.1-SNAPSHOT" already exists. Select a different name.

[ERROR] Command execution failed.
org.apache.commons.exec.ExecuteException: Process exited with an error: 1 (Exit value: 1)
	at org.apache.commons.exec.DefaultExecutor.executeInternal(DefaultExecutor.java:404)
	at org.apache.commons.exec.DefaultExecutor.execute(DefaultExecutor.java:166)
	at org.codehaus.mojo.exec.ExecMojo.executeCommandLine(ExecMojo.java:764)
	at org.codehaus.mojo.exec.ExecMojo.executeCommandLine(ExecMojo.java:711)
	at org.codehaus.mojo.exec.ExecMojo.execute(ExecMojo.java:289)
	at org.apache.maven.plugin.DefaultBuildPluginManager.executeMojo(DefaultBuildPluginManager.java:101)
	at org.apache.maven.lifecycle.internal.MojoExecutor.execute(MojoExecutor.java:209)
	at org.apache.maven.lifecycle.internal.MojoExecutor.execute(MojoExecutor.java:153)
	at org.apache.maven.lifecycle.internal.MojoExecutor.execute(MojoExecutor.java:145)
	at org.apache.maven.lifecycle.internal.LifecycleModuleBuilder.buildProject(LifecycleModuleBuilder.java:84)
	at org.apache.maven.lifecycle.internal.LifecycleModuleBuilder.buildProject(LifecycleModuleBuilder.java:59)
	at org.apache.maven.lifecycle.internal.LifecycleStarter.singleThreadedBuild(LifecycleStarter.java:183)
	at org.apache.maven.lifecycle.internal.LifecycleStarter.execute(LifecycleStarter.java:161)
	at org.apache.maven.DefaultMaven.doExecute(DefaultMaven.java:320)
	at org.apache.maven.DefaultMaven.execute(DefaultMaven.java:156)
	at org.apache.maven.cli.MavenCli.execute(MavenCli.java:537)
	at org.apache.maven.cli.MavenCli.doMain(MavenCli.java:196)
	at org.apache.maven.cli.MavenCli.main(MavenCli.java:141)
	at sun.reflect.NativeMethodAccessorImpl.invoke0(Native Method)
	at sun.reflect.NativeMethodAccessorImpl.invoke(NativeMethodAccessorImpl.java:62)
	at sun.reflect.DelegatingMethodAccessorImpl.invoke(DelegatingMethodAccessorImpl.java:43)
	at java.lang.reflect.Method.invoke(Method.java:497)
	at org.codehaus.plexus.classworlds.launcher.Launcher.launchEnhanced(Launcher.java:290)
	at org.codehaus.plexus.classworlds.launcher.Launcher.launch(Launcher.java:230)
	at org.codehaus.plexus.classworlds.launcher.Launcher.mainWithExitCode(Launcher.java:409)
	at org.codehaus.plexus.classworlds.launcher.Launcher.main(Launcher.java:352)
[INFO] ------------------------------------------------------------------------
[INFO] Reactor Summary:
[INFO] 
[INFO] wsd-validation :: Parent POM ...................... SUCCESS [0.328s]
[INFO] xsd-validation :: Web Services .................... SUCCESS [3.721s]
[INFO] xsd-validation :: WAR ............................. FAILURE [23.933s]
[INFO] ------------------------------------------------------------------------
[INFO] BUILD FAILURE
[INFO] ------------------------------------------------------------------------
[INFO] Total time: 28.076s
[INFO] Finished at: Wed Mar 08 14:41:24 CET 2017
[INFO] Final Memory: 27M/244M
[INFO] ------------------------------------------------------------------------
[ERROR] Failed to execute goal org.codehaus.mojo:exec-maven-plugin:1.5.0:exec (Deploy the WAR) on project xsd-validation-war: Command execution failed. Process exited with an error: 1 (Exit value: 1) -> [Help 1]
[ERROR] 
[ERROR] To see the full stack trace of the errors, re-run Maven with the -e switch.
[ERROR] Re-run Maven using the -X switch to enable full debug logging.
[ERROR] 
[ERROR] For more information about the errors and possible solutions, please read the following articles:
[ERROR] [Help 1] http://cwiki.apache.org/confluence/display/MAVEN/MojoExecutionException
[ERROR] 
[ERROR] After correcting the problems, you can resume the build with the command
[ERROR]   mvn <goals> -rf :xsd-validation-war
